This is XeTeX, Version 3.141592653-2.6-0.999996 (TeX Live 2024) (preloaded format=xelatex 2025.8.1)  1 AUG 2025 20:26
entering extended mode
 restricted \write18 enabled.
 %&-line parsing enabled.
**final_project.tex
(./final_project.tex
LaTeX2e <2024-06-01> patch level 2
L3 programming layer <2024-05-27>

! LaTeX Error: File `scrartcl.cls' not found.

Type X to quit or <RETURN> to proceed,
or enter new name. (Default extension: cls)

Enter file name: 
! Emergency stop.
<read *> 
         
l.11 \usepackage
                {xcolor}^^M 
Here is how much of TeX's memory you used:
 30 strings out of 476239
 592 string characters out of 5786144
 1918557 words of memory out of 5000000
 22684 multiletter control sequences out of 15000+600000
 558069 words of font info for 36 fonts, out of 8000000 for 9000
 14 hyphenation exceptions out of 8191
 19i,0n,29p,112b,17s stack positions out of 10000i,1000n,20000p,200000b,200000s

No pages of output.
